app/build/outputs/logs/manifest-merger-debug-report.txt
-- Merging decision tree log ---
manifest
ADDED from src\main\AndroidManifest.xml:2:1-116:12
	package
		ADDED from src\main\AndroidManifest.xml:3:7-30
		INJECTED from src\main\AndroidManifest.xml
		INJECTED from src\main\AndroidManifest.xml
	android:versionName
		ADDED from src\main\AndroidManifest.xml:5:7-32
		INJECTED from src\main\AndroidManifest.xml
		INJECTED from src\main\AndroidManifest.xml
	android:versionCode
		ADDED from src\main\AndroidManifest.xml:4:7-30
		INJECTED from src\main\AndroidManifest.xml
		INJECTED from src\main\AndroidManifest.xml
	xmlns:android
		ADDED from src\main\AndroidManifest.xml:2:11-69
uses-sdk
ADDED from src\main\AndroidManifest.xml:6:5-44
	android:targetSdkVersion
		INJECTED from src\main\AndroidManifest.xml
		INJECTED from src\main\AndroidManifest.xml
	android:minSdkVersion
		ADDED from src\main\AndroidManifest.xml:6:15-41
		INJECTED from src\main\AndroidManifest.xml
		INJECTED from src\main\AndroidManifest.xml
uses-permission#com.android.launcher.permission.INSTALL_SHORTCUT
ADDED from src\main\AndroidManifest.xml:8:5-9:75
	android:name
		ADDED from src\main\AndroidManifest.xml:9:9-72
uses-permission#android.permission.READ_EXTERNAL_STORAGE
ADDED from src\main\AndroidManifest.xml:10:5-80
	android:name
		ADDED from src\main\AndroidManifest.xml:10:22-77
application
ADDED from src\main\AndroidManifest.xml:13:5-115:19
	android:label
		ADDED from src\main\AndroidManifest.xml:13:57-89
	android:icon
		ADDED from src\main\AndroidManifest.xml:13:18-56
	android:name
		ADDED from src\main\AndroidManifest.xml:13:90-120
activity#com.oupcanada.SalesManualActivity
ADDED from src\main\AndroidManifest.xml:14:9-29:20
	android:label
		ADDED from src\main\AndroidManifest.xml:15:19-51
	android:launchMode
		ADDED from src\main\AndroidManifest.xml:16:66-96
	android:theme
		ADDED from src\main\AndroidManifest.xml:16:19-65
	android:name
		ADDED from src\main\AndroidManifest.xml:14:19-54
intent-filter#android.intent.action.MAIN+android.intent.category.LAUNCHER
ADDED from src\main\AndroidManifest.xml:17:13-20:29
action#android.intent.action.MAIN
ADDED from src\main\AndroidManifest.xml:18:17-69
	android:name
		ADDED from src\main\AndroidManifest.xml:18:25-66
category#android.intent.category.LAUNCHER
ADDED from src\main\AndroidManifest.xml:19:17-77
	android:name
		ADDED from src\main\AndroidManifest.xml:19:27-74
intent-filter#android.intent.action.SEARCH
ADDED from src\main\AndroidManifest.xml:22:18-24:29
action#android.intent.action.SEARCH
ADDED from src\main\AndroidManifest.xml:23:17-71
	android:name
		ADDED from src\main\AndroidManifest.xml:23:25-68
meta-data#android.app.searchable
ADDED from src\main\AndroidManifest.xml:26:13-27:61
	android:resource
		ADDED from src\main\AndroidManifest.xml:27:24-58
	android:name
		ADDED from src\main\AndroidManifest.xml:26:24-61
activity#com.oupcanada.search.WordActivity
ADDED from src\main\AndroidManifest.xml:34:9-42:21
	android:icon
		ADDED from src\main\AndroidManifest.xml:34:102-133
	android:theme
		ADDED from src\main\AndroidManifest.xml:34:55-101
	android:name
		ADDED from src\main\AndroidManifest.xml:34:19-54
provider#com.oupcanada.search.DictionaryProvider
ADDED from src\main\AndroidManifest.xml:45:9-46:83
	android:authorities
		ADDED from src\main\AndroidManifest.xml:46:19-80
	android:name
		ADDED from src\main\AndroidManifest.xml:45:19-60
meta-data#android.app.default_searchable
ADDED from src\main\AndroidManifest.xml:49:9-50:66
	android:value
		ADDED from src\main\AndroidManifest.xml:50:20-64
	android:name
		ADDED from src\main\AndroidManifest.xml:49:20-65
activity#com.oupcanada.SubLanding
ADDED from src\main\AndroidManifest.xml:59:3-75:20
	android:label
		ADDED from src\main\AndroidManifest.xml:60:10-44
	android:launchMode
		ADDED from src\main\AndroidManifest.xml:61:57-87
	android:icon
		ADDED from src\main\AndroidManifest.xml:62:10-41
	android:theme
		ADDED from src\main\AndroidManifest.xml:61:10-56
	android:name
		ADDED from src\main\AndroidManifest.xml:59:13-39
intent-filter#android.intent.action.MAIN+android.intent.category.DEFAULT
ADDED from src\main\AndroidManifest.xml:63:13-66:29
category#android.intent.category.DEFAULT
ADDED from src\main\AndroidManifest.xml:65:17-75
	android:name
		ADDED from src\main\AndroidManifest.xml:65:27-73
activity#com.oupcanada.CategoryLanding
ADDED from src\main\AndroidManifest.xml:79:8-95:20
	android:label
		ADDED from src\main\AndroidManifest.xml:80:10-42
	android:launchMode
		ADDED from src\main\AndroidManifest.xml:81:57-87
	android:icon
		ADDED from src\main\AndroidManifest.xml:82:10-41
	android:theme
		ADDED from src\main\AndroidManifest.xml:81:10-56
	android:name
		ADDED from src\main\AndroidManifest.xml:79:18-49
activity#com.oupcanada.fav.FavLanding
ADDED from src\main\AndroidManifest.xml:98:9-110:20
	android:label
		ADDED from src\main\AndroidManifest.xml:99:10-40
	android:launchMode
		ADDED from src\main\AndroidManifest.xml:100:57-87
	android:icon
		ADDED from src\main\AndroidManifest.xml:101:10-41
	android:theme
		ADDED from src\main\AndroidManifest.xml:100:10-56
	android:name
		ADDED from src\main\AndroidManifest.xml:98:19-49